<?xml version="1.0" encoding="UTF-8"?>
<!-- Generated by org.testng.reporters.JUnitXMLReporter -->
<testsuite ignored="0" hostname="SCI-BD-L17-3291" failures="0" tests="4" name="Login" time="417.265" errors="0" timestamp="2022-06-26T12:18:30 BDT">
  <testcase classname="pinoyParent.testCases.Login_TestCase" name="loginTest" time="42.7"/>
  <testcase classname="pinoyParent.testCases.Login_TestCase" name="invalidUser" time="40.185"/>
  <testcase classname="pinoyParent.testCases.Login_TestCase" name="invalidPass" time="45.63"/>
  <testcase classname="pinoyParent.testCases.Login_TestCase" name="loginWithEmptyFields" time="40.807"/>
</testsuite> <!-- Login -->
