<?xml version="1.0" encoding="UTF-8"?>
<testng-results ignored="3" total="4" passed="1" failed="0" skipped="0">
  <reporter-output>
  </reporter-output>
  <suite started-at="2022-06-27T19:58:56 BDT" name="Default suite" finished-at="2022-06-27T20:00:53 BDT" duration-ms="117108">
    <groups>
    </groups>
    <test started-at="2022-06-27T19:58:56 BDT" name="Default test" finished-at="2022-06-27T20:00:53 BDT" duration-ms="117108">
      <class name="pinoyParent.testCases.Profile_TestCase">
        <test-method is-config="true" signature="setup()[pri:0, instance:pinoyParent.testCases.Profile_TestCase@619713e5]" started-at="2022-06-27T19:58:56 BDT" name="setup" finished-at="2022-06-27T19:59:20 BDT" duration-ms="24322" status="PASS">
          <reporter-output>
          </reporter-output>
        </test-method> <!-- setup -->
        <test-method is-config="true" signature="resetApp()[pri:0, instance:pinoyParent.testCases.Profile_TestCase@619713e5]" started-at="2022-06-27T19:59:20 BDT" name="resetApp" finished-at="2022-06-27T19:59:31 BDT" duration-ms="10633" status="PASS">
          <reporter-output>
          </reporter-output>
        </test-method> <!-- resetApp -->
        <test-method signature="profileInfo()[pri:2, instance:pinoyParent.testCases.Profile_TestCase@619713e5]" started-at="2022-06-27T19:59:31 BDT" name="profileInfo" finished-at="2022-06-27T20:00:52 BDT" duration-ms="80862" status="PASS">
          <reporter-output>
          </reporter-output>
        </test-method> <!-- profileInfo -->
        <test-method is-config="true" signature="tearDown()[pri:0, instance:pinoyParent.testCases.Profile_TestCase@619713e5]" started-at="2022-06-27T20:00:52 BDT" name="tearDown" finished-at="2022-06-27T20:00:53 BDT" duration-ms="1207" status="PASS">
          <reporter-output>
          </reporter-output>
        </test-method> <!-- tearDown -->
      </class> <!-- pinoyParent.testCases.Profile_TestCase -->
    </test> <!-- Default test -->
  </suite> <!-- Default suite -->
</testng-results>
